<?xml version="1.0" encoding="UTF-8"?>
<!-- Generated by org.testng.reporters.JUnitReportReporter -->
<testsuite hostname="Anubhuti" failures="0" tests="1" name="testCases.TC001_AccountRegistrationTest" time="2.459" errors="0" timestamp="2024-09-19T01:20:21 IST" skipped="0">
  <testcase classname="testCases.TC001_AccountRegistrationTest" name="verifyAccountRegistration" time="2.459"/>
  <system-out/>
</testsuite> <!-- testCases.TC001_AccountRegistrationTest -->
