<?xml version="1.0" encoding="UTF-8"?>
<!-- Generated by org.testng.reporters.JUnitReportReporter -->
<testsuite hostname="Anubhuti" failures="0" tests="1" name="testCases.TC001_AccountRegistrationTest" time="1.309" errors="0" timestamp="2024-09-19T12:12:02 IST" skipped="0">
  <testcase classname="testCases.TC001_AccountRegistrationTest" name="verifyAccountRegistration" time="1.309"/>
</testsuite> <!-- testCases.TC001_AccountRegistrationTest -->
